<?xml version="1.0" encoding="UTF-8"?>
<!-- Generated by org.testng.reporters.JUnitXMLReporter -->
<testsuite hostname="SebahattinsAir2.home" ignored="0" name="Verizon Functional Regression Test" tests="17" failures="1" timestamp="2020-07-29T23:40:29 CDT" time="453.441" errors="0">
  <testcase name="choosingStar" time="1.738" classname="com.qa.hotels.com.test.Hotels5StarPageTest"/>
  <testcase name="landmark" time="21.151" classname="com.qa.hotels.com.test.Hotels5StarPageTest">
    <failure type="org.openqa.selenium.NoSuchElementException" message="no such element: Unable to locate element: {&amp;quot;method&amp;quot;:&amp;quot;css selector&amp;quot;,&amp;quot;selector&amp;quot;:&amp;quot;#f\-distance&amp;quot;}
  (Session info: chrome=84.0.4147.105)
For documentation on this error, please visit: https://www.seleniumhq.org/exceptions/no_such_element.html
Build info: version: &amp;apos;3.141.59&amp;apos;, revision: &amp;apos;e82be7d358&amp;apos;, time: &amp;apos;2018-11-14T08:17:03&amp;apos;
System info: host: &amp;apos;SebahattinsAir2.home&amp;apos;, ip: &amp;apos;fe80:0:0:0:cbb:df0d:3649:ab56%en0&amp;apos;, os.name: &amp;apos;Mac OS X&amp;apos;, os.arch: &amp;apos;x86_64&amp;apos;, os.version: &amp;apos;10.15.5&amp;apos;, java.version: &amp;apos;1.8.0_251&amp;apos;
Driver info: org.openqa.selenium.chrome.ChromeDriver
Capabilities {acceptInsecureCerts: false, browserName: chrome, browserVersion: 84.0.4147.105, chrome: {chromedriverVersion: 84.0.4147.30 (48b3e868b4cc0..., userDataDir: /var/folders/j_/yybr678x76l...}, goog:chromeOptions: {debuggerAddress: localhost:57226}, javascriptEnabled: true, networkConnectionEnabled: false, pageLoadStrategy: normal, platform: MAC, platformName: MAC, proxy: Proxy(), setWindowRect: true, strictFileInteractability: false, timeouts: {implicit: 0, pageLoad: 300000, script: 30000}, unhandledPromptBehavior: dismiss and notify, webauthn:virtualAuthenticators: true}
Session ID: baf934d5d57ee74a830f18dbd0ab58a0
*** Element info: {Using=id, value=f-distance}">
      <![CDATA[org.openqa.selenium.NoSuchElementException: no such element: Unable to locate element: {"method":"css selector","selector":"#f\-distance"}
  (Session info: chrome=84.0.4147.105)
For documentation on this error, please visit: https://www.seleniumhq.org/exceptions/no_such_element.html
Build info: version: '3.141.59', revision: 'e82be7d358', time: '2018-11-14T08:17:03'
System info: host: 'SebahattinsAir2.home', ip: 'fe80:0:0:0:cbb:df0d:3649:ab56%en0', os.name: 'Mac OS X', os.arch: 'x86_64', os.version: '10.15.5', java.version: '1.8.0_251'
Driver info: org.openqa.selenium.chrome.ChromeDriver
Capabilities {acceptInsecureCerts: false, browserName: chrome, browserVersion: 84.0.4147.105, chrome: {chromedriverVersion: 84.0.4147.30 (48b3e868b4cc0..., userDataDir: /var/folders/j_/yybr678x76l...}, goog:chromeOptions: {debuggerAddress: localhost:57226}, javascriptEnabled: true, networkConnectionEnabled: false, pageLoadStrategy: normal, platform: MAC, platformName: MAC, proxy: Proxy(), setWindowRect: true, strictFileInteractability: false, timeouts: {implicit: 0, pageLoad: 300000, script: 30000}, unhandledPromptBehavior: dismiss and notify, webauthn:virtualAuthenticators: true}
Session ID: baf934d5d57ee74a830f18dbd0ab58a0
*** Element info: {Using=id, value=f-distance}
at org.openqa.selenium.remote.http.W3CHttpResponseCodec.createException(W3CHttpResponseCodec.java:187)
at org.openqa.selenium.remote.http.W3CHttpResponseCodec.decode(W3CHttpResponseCodec.java:122)
at org.openqa.selenium.remote.http.W3CHttpResponseCodec.decode(W3CHttpResponseCodec.java:49)
at org.openqa.selenium.remote.HttpCommandExecutor.execute(HttpCommandExecutor.java:158)
at org.openqa.selenium.remote.service.DriverCommandExecutor.execute(DriverCommandExecutor.java:83)
at org.openqa.selenium.remote.RemoteWebDriver.execute(RemoteWebDriver.java:552)
at org.openqa.selenium.remote.RemoteWebDriver.findElement(RemoteWebDriver.java:323)
at org.openqa.selenium.remote.RemoteWebDriver.findElementById(RemoteWebDriver.java:372)
at org.openqa.selenium.By$ById.findElement(By.java:188)
at org.openqa.selenium.remote.RemoteWebDriver.findElement(RemoteWebDriver.java:315)
at com.qa.hotels.com.page.Hotels5Star.landmarks(Hotels5Star.java:46)
at com.qa.hotels.com.test.Hotels5StarPageTest.landmark(Hotels5StarPageTest.java:50)
at java.util.ArrayList.forEach(ArrayList.java:1257)
... Removed 31 stack frames]]>
    </failure>
  </testcase> <!-- landmark -->
  <testcase name="PageDown" time="22.196" classname="com.qa.hotels.com.test.Hotels5StarPageTest"/>
  <testcase name="fiveStarHotels" time="0.234" classname="com.qa.hotels.com.test.Hotels5StarPageTest"/>
  <testcase name="choosingStar" time="1.505" classname="com.qa.hotels.com.test.HotelsPageTest"/>
  <testcase name="PageDown" time="128.45" classname="com.qa.hotels.com.test.HotelsPageTest"/>
  <testcase name="checkingHilton" time="0.049" classname="com.qa.hotels.com.test.HotelsPageTest"/>
  <testcase name="verifyHomePageTitle" time="0.13" classname="com.qa.hotels.com.test.HomePageTest"/>
  <testcase name="destinationChoosing" time="13.657" classname="com.qa.hotels.com.test.HomePageTest"/>
  <testcase name="choosingStar" time="1.654" classname="com.qa.hotels.com.test.Hotels3StarPageTest"/>
  <testcase name="landmar" time="2.785" classname="com.qa.hotels.com.test.Hotels3StarPageTest"/>
  <testcase name="PageDown" time="109.6" classname="com.qa.hotels.com.test.Hotels3StarPageTest"/>
  <testcase name="threeStarHotels" time="0.142" classname="com.qa.hotels.com.test.Hotels3StarPageTest"/>
  <testcase name="choosingStar" time="1.447" classname="com.qa.hotels.com.test.Hotels4StarPageTest"/>
  <testcase name="landmark" time="10.277" classname="com.qa.hotels.com.test.Hotels4StarPageTest"/>
  <testcase name="down" time="42.262" classname="com.qa.hotels.com.test.Hotels4StarPageTest"/>
  <testcase name="fourStarHotels" time="0.316" classname="com.qa.hotels.com.test.Hotels4StarPageTest"/>
</testsuite> <!-- Verizon Functional Regression Test -->
