<html>
<head>
<title>TestNG:  Verizon Functional Regression Test</title>
<link href="../testng.css" rel="stylesheet" type="text/css" />
<link href="../my-testng.css" rel="stylesheet" type="text/css" />

<style type="text/css">
.log { display: none;} 
.stack-trace { display: none;} 
</style>
<script type="text/javascript">
<!--
function flip(e) {
  current = e.style.display;
  if (current == 'block') {
    e.style.display = 'none';
    return 0;
  }
  else {
    e.style.display = 'block';
    return 1;
  }
}

function toggleBox(szDivId, elem, msg1, msg2)
{
  var res = -1;  if (document.getElementById) {
    res = flip(document.getElementById(szDivId));
  }
  else if (document.all) {
    // this is the way old msie versions work
    res = flip(document.all[szDivId]);
  }
  if(elem) {
    if(res == 0) elem.innerHTML = msg1; else elem.innerHTML = msg2;
  }

}

function toggleAllBoxes() {
  if (document.getElementsByTagName) {
    d = document.getElementsByTagName('div');
    for (i = 0; i < d.length; i++) {
      if (d[i].className == 'log') {
        flip(d[i]);
      }
    }
  }
}

// -->
</script>

</head>
<body>
<h2 align='center'>Verizon Functional Regression Test</h2><table border='1' align="center">
<tr>
<td>Tests passed/Failed/Skipped:</td><td>16/1/0</td>
</tr><tr>
<td>Started on:</td><td>Wed Jul 29 23:32:56 CDT 2020</td>
</tr>
<tr><td>Total time:</td><td>453 seconds (453441 ms)</td>
</tr><tr>
<td>Included groups:</td><td></td>
</tr><tr>
<td>Excluded groups:</td><td></td>
</tr>
</table><p/>
<small><i>(Hover the method name to see the test class name)</i></small><p/>
<table width='100%' border='1' class='invocation-failed'>
<tr><td colspan='4' align='center'><b>FAILED TESTS</b></td></tr>
<tr><td><b>Test method</b></td>
<td width="30%"><b>Exception</b></td>
<td width="10%"><b>Time (seconds)</b></td>
<td><b>Instance</b></td>
</tr>
<tr>
<td title='com.qa.hotels.com.test.Hotels5StarPageTest.landmark()'><b>landmark</b><br>Test class: com.qa.hotels.com.test.Hotels5StarPageTest</td>
<td><div><pre>org.openqa.selenium.NoSuchElementException: no such element: Unable to locate element: {&quot;method&quot;:&quot;css selector&quot;,&quot;selector&quot;:&quot;#f\-distance&quot;}
  (Session info: chrome=84.0.4147.105)
For documentation on this error, please visit: https://www.seleniumhq.org/exceptions/no_such_element.html
Build info: version: &apos;3.141.59&apos;, revision: &apos;e82be7d358&apos;, time: &apos;2018-11-14T08:17:03&apos;
System info: host: &apos;SebahattinsAir2.home&apos;, ip: &apos;fe80:0:0:0:cbb:df0d:3649:ab56%en0&apos;, os.name: &apos;Mac OS X&apos;, os.arch: &apos;x86_64&apos;, os.version: &apos;10.15.5&apos;, java.version: &apos;1.8.0_251&apos;
Driver info: org.openqa.selenium.chrome.ChromeDriver
Capabilities {acceptInsecureCerts: false, browserName: chrome, browserVersion: 84.0.4147.105, chrome: {chromedriverVersion: 84.0.4147.30 (48b3e868b4cc0..., userDataDir: /var/folders/j_/yybr678x76l...}, goog:chromeOptions: {debuggerAddress: localhost:57226}, javascriptEnabled: true, networkConnectionEnabled: false, pageLoadStrategy: normal, platform: MAC, platformName: MAC, proxy: Proxy(), setWindowRect: true, strictFileInteractability: false, timeouts: {implicit: 0, pageLoad: 300000, script: 30000}, unhandledPromptBehavior: dismiss and notify, webauthn:virtualAuthenticators: true}
Session ID: baf934d5d57ee74a830f18dbd0ab58a0
*** Element info: {Using=id, value=f-distance}
	at org.openqa.selenium.remote.http.W3CHttpResponseCodec.createException(W3CHttpResponseCodec.java:187)
	at org.openqa.selenium.remote.http.W3CHttpResponseCodec.decode(W3CHttpResponseCodec.java:122)
	at org.openqa.selenium.remote.http.W3CHttpResponseCodec.decode(W3CHttpResponseCodec.java:49)
	at org.openqa.selenium.remote.HttpCommandExecutor.execute(HttpCommandExecutor.java:158)
	at org.openqa.selenium.remote.service.DriverCommandExecutor.execute(DriverCommandExecutor.java:83)
	at org.openqa.selenium.remote.RemoteWebDriver.execute(RemoteWebDriver.java:552)
	at org.openqa.selenium.remote.RemoteWebDriver.findElement(RemoteWebDriver.java:323)
	at org.openqa.selenium.remote.RemoteWebDriver.findElementById(RemoteWebDriver.java:372)
	at org.openqa.selenium.By$ById.findElement(By.java:188)
	at org.openqa.selenium.remote.RemoteWebDriver.findElement(RemoteWebDriver.java:315)
	at com.qa.hotels.com.page.Hotels5Star.landmarks(Hotels5Star.java:46)
	at com.qa.hotels.com.test.Hotels5StarPageTest.landmark(Hotels5StarPageTest.java:50)
	at java.util.ArrayList.forEach(ArrayList.java:1257)
... Removed 31 stack frames</pre></div><a href='#' onClick='toggleBox("stack-trace1633979858", this, "Click to show all stack frames", "Click to hide stack frames")'>Click to show all stack frames</a>
<div class='stack-trace' id='stack-trace1633979858'><pre>org.openqa.selenium.NoSuchElementException: no such element: Unable to locate element: {&quot;method&quot;:&quot;css selector&quot;,&quot;selector&quot;:&quot;#f\-distance&quot;}
  (Session info: chrome=84.0.4147.105)
For documentation on this error, please visit: https://www.seleniumhq.org/exceptions/no_such_element.html
Build info: version: &apos;3.141.59&apos;, revision: &apos;e82be7d358&apos;, time: &apos;2018-11-14T08:17:03&apos;
System info: host: &apos;SebahattinsAir2.home&apos;, ip: &apos;fe80:0:0:0:cbb:df0d:3649:ab56%en0&apos;, os.name: &apos;Mac OS X&apos;, os.arch: &apos;x86_64&apos;, os.version: &apos;10.15.5&apos;, java.version: &apos;1.8.0_251&apos;
Driver info: org.openqa.selenium.chrome.ChromeDriver
Capabilities {acceptInsecureCerts: false, browserName: chrome, browserVersion: 84.0.4147.105, chrome: {chromedriverVersion: 84.0.4147.30 (48b3e868b4cc0..., userDataDir: /var/folders/j_/yybr678x76l...}, goog:chromeOptions: {debuggerAddress: localhost:57226}, javascriptEnabled: true, networkConnectionEnabled: false, pageLoadStrategy: normal, platform: MAC, platformName: MAC, proxy: Proxy(), setWindowRect: true, strictFileInteractability: false, timeouts: {implicit: 0, pageLoad: 300000, script: 30000}, unhandledPromptBehavior: dismiss and notify, webauthn:virtualAuthenticators: true}
Session ID: baf934d5d57ee74a830f18dbd0ab58a0
*** Element info: {Using=id, value=f-distance}
	at sun.reflect.NativeConstructorAccessorImpl.newInstance0(Native Method)
	at sun.reflect.NativeConstructorAccessorImpl.newInstance(NativeConstructorAccessorImpl.java:62)
	at sun.reflect.DelegatingConstructorAccessorImpl.newInstance(DelegatingConstructorAccessorImpl.java:45)
	at java.lang.reflect.Constructor.newInstance(Constructor.java:423)
	at org.openqa.selenium.remote.http.W3CHttpResponseCodec.createException(W3CHttpResponseCodec.java:187)
	at org.openqa.selenium.remote.http.W3CHttpResponseCodec.decode(W3CHttpResponseCodec.java:122)
	at org.openqa.selenium.remote.http.W3CHttpResponseCodec.decode(W3CHttpResponseCodec.java:49)
	at org.openqa.selenium.remote.HttpCommandExecutor.execute(HttpCommandExecutor.java:158)
	at org.openqa.selenium.remote.service.DriverCommandExecutor.execute(DriverCommandExecutor.java:83)
	at org.openqa.selenium.remote.RemoteWebDriver.execute(RemoteWebDriver.java:552)
	at org.openqa.selenium.remote.RemoteWebDriver.findElement(RemoteWebDriver.java:323)
	at org.openqa.selenium.remote.RemoteWebDriver.findElementById(RemoteWebDriver.java:372)
	at org.openqa.selenium.By$ById.findElement(By.java:188)
	at org.openqa.selenium.remote.RemoteWebDriver.findElement(RemoteWebDriver.java:315)
	at com.qa.hotels.com.page.Hotels5Star.landmarks(Hotels5Star.java:46)
	at com.qa.hotels.com.test.Hotels5StarPageTest.landmark(Hotels5StarPageTest.java:50)
	at sun.reflect.NativeMethodAccessorImpl.invoke0(Native Method)
	at sun.reflect.NativeMethodAccessorImpl.invoke(NativeMethodAccessorImpl.java:62)
	at sun.reflect.DelegatingMethodAccessorImpl.invoke(DelegatingMethodAccessorImpl.java:43)
	at java.lang.reflect.Method.invoke(Method.java:498)
	at org.testng.internal.MethodInvocationHelper.invokeMethod(MethodInvocationHelper.java:135)
	at org.testng.internal.TestInvoker.invokeMethod(TestInvoker.java:598)
	at org.testng.internal.TestInvoker.invokeTestMethod(TestInvoker.java:174)
	at org.testng.internal.MethodRunner.runInSequence(MethodRunner.java:46)
	at org.testng.internal.TestInvoker$MethodInvocationAgent.invoke(TestInvoker.java:821)
	at org.testng.internal.TestInvoker.invokeTestMethods(TestInvoker.java:147)
	at org.testng.internal.TestMethodWorker.invokeTestMethods(TestMethodWorker.java:146)
	at org.testng.internal.TestMethodWorker.run(TestMethodWorker.java:128)
	at java.util.ArrayList.forEach(ArrayList.java:1257)
	at org.testng.TestRunner.privateRun(TestRunner.java:767)
	at org.testng.TestRunner.run(TestRunner.java:588)
	at org.testng.SuiteRunner.runTest(SuiteRunner.java:384)
	at org.testng.SuiteRunner.runSequentially(SuiteRunner.java:378)
	at org.testng.SuiteRunner.privateRun(SuiteRunner.java:337)
	at org.testng.SuiteRunner.run(SuiteRunner.java:286)
	at org.testng.SuiteRunnerWorker.runSuite(SuiteRunnerWorker.java:53)
	at org.testng.SuiteRunnerWorker.run(SuiteRunnerWorker.java:96)
	at org.testng.TestNG.runSuitesSequentially(TestNG.java:1214)
	at org.testng.TestNG.runSuitesLocally(TestNG.java:1136)
	at org.testng.TestNG.runSuites(TestNG.java:1066)
	at org.testng.TestNG.run(TestNG.java:1034)
	at org.testng.remote.AbstractRemoteTestNG.run(AbstractRemoteTestNG.java:115)
	at org.testng.remote.RemoteTestNG.initAndRun(RemoteTestNG.java:251)
	at org.testng.remote.RemoteTestNG.main(RemoteTestNG.java:77)
</pre></div></td>
<td>21</td>
<td>com.qa.hotels.com.test.Hotels5StarPageTest@4e7dc304</td></tr>
</table><p>
<table width='100%' border='1' class='invocation-passed'>
<tr><td colspan='4' align='center'><b>PASSED TESTS</b></td></tr>
<tr><td><b>Test method</b></td>
<td width="30%"><b>Exception</b></td>
<td width="10%"><b>Time (seconds)</b></td>
<td><b>Instance</b></td>
</tr>
<tr>
<td title='com.qa.hotels.com.test.Hotels5StarPageTest.PageDown()'><b>PageDown</b><br>Test class: com.qa.hotels.com.test.Hotels5StarPageTest</td>
<td></td>
<td>22</td>
<td>com.qa.hotels.com.test.Hotels5StarPageTest@4e7dc304</td></tr>
<tr>
<td title='com.qa.hotels.com.test.HotelsPageTest.PageDown()'><b>PageDown</b><br>Test class: com.qa.hotels.com.test.HotelsPageTest</td>
<td></td>
<td>128</td>
<td>com.qa.hotels.com.test.HotelsPageTest@64729b1e</td></tr>
<tr>
<td title='com.qa.hotels.com.test.Hotels3StarPageTest.PageDown()'><b>PageDown</b><br>Test class: com.qa.hotels.com.test.Hotels3StarPageTest</td>
<td></td>
<td>109</td>
<td>com.qa.hotels.com.test.Hotels3StarPageTest@48503868</td></tr>
<tr>
<td title='com.qa.hotels.com.test.HotelsPageTest.checkingHilton()'><b>checkingHilton</b><br>Test class: com.qa.hotels.com.test.HotelsPageTest</td>
<td></td>
<td>0</td>
<td>com.qa.hotels.com.test.HotelsPageTest@64729b1e</td></tr>
<tr>
<td title='com.qa.hotels.com.test.Hotels5StarPageTest.choosingStar()'><b>choosingStar</b><br>Test class: com.qa.hotels.com.test.Hotels5StarPageTest</td>
<td></td>
<td>1</td>
<td>com.qa.hotels.com.test.Hotels5StarPageTest@4e7dc304</td></tr>
<tr>
<td title='com.qa.hotels.com.test.HotelsPageTest.choosingStar()'><b>choosingStar</b><br>Test class: com.qa.hotels.com.test.HotelsPageTest</td>
<td></td>
<td>1</td>
<td>com.qa.hotels.com.test.HotelsPageTest@64729b1e</td></tr>
<tr>
<td title='com.qa.hotels.com.test.Hotels3StarPageTest.choosingStar()'><b>choosingStar</b><br>Test class: com.qa.hotels.com.test.Hotels3StarPageTest</td>
<td></td>
<td>1</td>
<td>com.qa.hotels.com.test.Hotels3StarPageTest@48503868</td></tr>
<tr>
<td title='com.qa.hotels.com.test.Hotels4StarPageTest.choosingStar()'><b>choosingStar</b><br>Test class: com.qa.hotels.com.test.Hotels4StarPageTest</td>
<td></td>
<td>1</td>
<td>com.qa.hotels.com.test.Hotels4StarPageTest@6895a785</td></tr>
<tr>
<td title='com.qa.hotels.com.test.HomePageTest.destinationChoosing()'><b>destinationChoosing</b><br>Test class: com.qa.hotels.com.test.HomePageTest</td>
<td></td>
<td>13</td>
<td>com.qa.hotels.com.test.HomePageTest@10bbd20a</td></tr>
<tr>
<td title='com.qa.hotels.com.test.Hotels4StarPageTest.down()'><b>down</b><br>Test class: com.qa.hotels.com.test.Hotels4StarPageTest</td>
<td></td>
<td>42</td>
<td>com.qa.hotels.com.test.Hotels4StarPageTest@6895a785</td></tr>
<tr>
<td title='com.qa.hotels.com.test.Hotels5StarPageTest.fiveStarHotels()'><b>fiveStarHotels</b><br>Test class: com.qa.hotels.com.test.Hotels5StarPageTest</td>
<td></td>
<td>0</td>
<td>com.qa.hotels.com.test.Hotels5StarPageTest@4e7dc304</td></tr>
<tr>
<td title='com.qa.hotels.com.test.Hotels4StarPageTest.fourStarHotels()'><b>fourStarHotels</b><br>Test class: com.qa.hotels.com.test.Hotels4StarPageTest</td>
<td></td>
<td>0</td>
<td>com.qa.hotels.com.test.Hotels4StarPageTest@6895a785</td></tr>
<tr>
<td title='com.qa.hotels.com.test.Hotels3StarPageTest.landmar()'><b>landmar</b><br>Test class: com.qa.hotels.com.test.Hotels3StarPageTest</td>
<td></td>
<td>2</td>
<td>com.qa.hotels.com.test.Hotels3StarPageTest@48503868</td></tr>
<tr>
<td title='com.qa.hotels.com.test.Hotels4StarPageTest.landmark()'><b>landmark</b><br>Test class: com.qa.hotels.com.test.Hotels4StarPageTest</td>
<td></td>
<td>10</td>
<td>com.qa.hotels.com.test.Hotels4StarPageTest@6895a785</td></tr>
<tr>
<td title='com.qa.hotels.com.test.Hotels3StarPageTest.threeStarHotels()'><b>threeStarHotels</b><br>Test class: com.qa.hotels.com.test.Hotels3StarPageTest</td>
<td></td>
<td>0</td>
<td>com.qa.hotels.com.test.Hotels3StarPageTest@48503868</td></tr>
<tr>
<td title='com.qa.hotels.com.test.HomePageTest.verifyHomePageTitle()'><b>verifyHomePageTitle</b><br>Test class: com.qa.hotels.com.test.HomePageTest</td>
<td></td>
<td>0</td>
<td>com.qa.hotels.com.test.HomePageTest@10bbd20a</td></tr>
</table><p>
</body>
</html>